# JRE version: OpenJDK Runtime Environment (11.0.9.1+1) (build 11.0.9.1+1-post-Uos-1deb10u2)
# Java VM: OpenJDK 64-Bit Server VM (11.0.9.1+1-post-Uos-1deb10u2, mixed mode, sharing, tiered, compressed oops, g1 gc, linux-amd64)
Heap:
 garbage-first heap   total 618496K, used 302183K [0x000000060f200000, 0x0000000800000000)
  region size 2048K, 143 young (292864K), 14 survivors (28672K)
 Metaspace       used 74280K, capacity 76420K, committed 76672K, reserved 1116160K
  class space    used 9573K, capacity 10364K, committed 10368K, reserved 1048576K
GC Heap History (18 events):
Event: 0.315 GC heap before
{Heap before GC invocations=0 (full 0):
 garbage-first heap   total 514048K, used 23240K [0x000000060f200000, 0x0000000800000000)
  region size 2048K, 12 young (24576K), 0 survivors (0K)
 Metaspace       used 5698K, capacity 5978K, committed 6272K, reserved 1056768K
  class space    used 690K, capacity 805K, committed 896K, reserved 1048576K
}
Event: 0.322 GC heap after
{Heap after GC invocations=1 (full 0):
 garbage-first heap   total 514048K, used 8850K [0x000000060f200000, 0x0000000800000000)
  region size 2048K, 2 young (4096K), 2 survivors (4096K)
 Metaspace       used 5698K, capacity 5978K, committed 6272K, reserved 1056768K
  class space    used 690K, capacity 805K, committed 896K, reserved 1048576K
}
Event: 0.868 GC heap before
{Heap before GC invocations=1 (full 0):
 garbage-first heap   total 514048K, used 166546K [0x000000060f200000, 0x0000000800000000)
  region size 2048K, 80 young (163840K), 2 survivors (4096K)
 Metaspace       used 20182K, capacity 21075K, committed 21248K, reserved 1067008K
  class space    used 2639K, capacity 3007K, committed 3072K, reserved 1048576K
}
Event: 0.874 GC heap after
{Heap after GC invocations=2 (full 0):
 garbage-first heap   total 514048K, used 12976K [0x000000060f200000, 0x0000000800000000)
  region size 2048K, 5 young (10240K), 5 survivors (10240K)
 Metaspace       used 20182K, capacity 21075K, committed 21248K, reserved 1067008K
  class space    used 2639K, capacity 3007K, committed 3072K, reserved 1048576K
}
Event: 1.307 GC heap before
{Heap before GC invocations=3 (full 0):
 garbage-first heap   total 514048K, used 172720K [0x000000060f200000, 0x0000000800000000)
  region size 2048K, 83 young (169984K), 5 survivors (10240K)
 Metaspace       used 29412K, capacity 30456K, committed 30720K, reserved 1075200K
  class space    used 3900K, capacity 4326K, committed 4352K, reserved 1048576K
}
Event: 1.314 GC heap after
{Heap after GC invocations=4 (full 0):
 garbage-first heap   total 514048K, used 15824K [0x000000060f200000, 0x0000000800000000)
  region size 2048K, 6 young (12288K), 6 survivors (12288K)
 Metaspace       used 29412K, capacity 30456K, committed 30720K, reserved 1075200K
  class space    used 3900K, capacity 4326K, committed 4352K, reserved 1048576K
}
Event: 1.497 GC heap before
{Heap before GC invocations=4 (full 0):
 garbage-first heap   total 514048K, used 75216K [0x000000060f200000, 0x0000000800000000)
  region size 2048K, 37 young (75776K), 6 survivors (12288K)
 Metaspace       used 34341K, capacity 35341K, committed 35840K, reserved 1081344K
  class space    used 4507K, capacity 4908K, committed 4992K, reserved 1048576K
}
Event: 1.505 GC heap after
{Heap after GC invocations=5 (full 0):
 garbage-first heap   total 514048K, used 16629K [0x000000060f200000, 0x0000000800000000)
  region size 2048K, 6 young (12288K), 6 survivors (12288K)
 Metaspace       used 34341K, capacity 35341K, committed 35840K, reserved 1081344K
  class space    used 4507K, capacity 4908K, committed 4992K, reserved 1048576K
}
Event: 2.365 GC heap before
{Heap before GC invocations=6 (full 0):
 garbage-first heap   total 514048K, used 196853K [0x000000060f200000, 0x0000000800000000)
  region size 2048K, 94 young (192512K), 6 survivors (12288K)
 Metaspace       used 43756K, capacity 45026K, committed 45312K, reserved 1087488K
  class space    used 5806K, capacity 6299K, committed 6400K, reserved 1048576K
}
Event: 2.376 GC heap after
{Heap after GC invocations=7 (full 0):
 garbage-first heap   total 618496K, used 22503K [0x000000060f200000, 0x0000000800000000)
  region size 2048K, 9 young (18432K), 9 survivors (18432K)
 Metaspace       used 43756K, capacity 45026K, committed 45312K, reserved 1087488K
  class space    used 5806K, capacity 6299K, committed 6400K, reserved 1048576K
}
Event: 3.179 GC heap before
{Heap before GC invocations=7 (full 0):
 garbage-first heap   total 618496K, used 237543K [0x000000060f200000, 0x0000000800000000)
  region size 2048K, 113 young (231424K), 9 survivors (18432K)
 Metaspace       used 55858K, capacity 57424K, committed 57728K, reserved 1099776K
  class space    used 7341K, capacity 7963K, committed 8064K, reserved 1048576K
}
Event: 3.205 GC heap after
{Heap after GC invocations=8 (full 0):
 garbage-first heap   total 618496K, used 28126K [0x000000060f200000, 0x0000000800000000)
  region size 2048K, 10 young (20480K), 10 survivors (20480K)
 Metaspace       used 55858K, capacity 57424K, committed 57728K, reserved 1099776K
  class space    used 7341K, capacity 7963K, committed 8064K, reserved 1048576K
}
Event: 3.551 GC heap before
{Heap before GC invocations=8 (full 0):
 garbage-first heap   total 618496K, used 107998K [0x000000060f200000, 0x0000000800000000)
  region size 2048K, 50 young (102400K), 10 survivors (20480K)
 Metaspace       used 58440K, capacity 60105K, committed 60160K, reserved 1101824K
  class space    used 7665K, capacity 8319K, committed 8320K, reserved 1048576K
}
Event: 3.562 GC heap after
{Heap after GC invocations=9 (full 0):
 garbage-first heap   total 618496K, used 31593K [0x000000060f200000, 0x0000000800000000)
  region size 2048K, 12 young (24576K), 12 survivors (24576K)
 Metaspace       used 58440K, capacity 60105K, committed 60160K, reserved 1101824K
  class space    used 7665K, capacity 8319K, committed 8320K, reserved 1048576K
}
Event: 107.771 GC heap before
{Heap before GC invocations=10 (full 0):
 garbage-first heap   total 618496K, used 340841K [0x000000060f200000, 0x0000000800000000)
  region size 2048K, 163 young (333824K), 12 survivors (24576K)
 Metaspace       used 73347K, capacity 75293K, committed 75648K, reserved 1114112K
  class space    used 9490K, capacity 10255K, committed 10368K, reserved 1048576K
}
Event: 107.804 GC heap after
{Heap after GC invocations=11 (full 0):
 garbage-first heap   total 618496K, used 38845K [0x000000060f200000, 0x0000000800000000)
  region size 2048K, 15 young (30720K), 15 survivors (30720K)
 Metaspace       used 73347K, capacity 75293K, committed 75648K, reserved 1114112K
  class space    used 9490K, capacity 10255K, committed 10368K, reserved 1048576K
}
Event: 1295.513 GC heap before
{Heap before GC invocations=11 (full 0):
 garbage-first heap   total 618496K, used 376765K [0x000000060f200000, 0x0000000800000000)
  region size 2048K, 181 young (370688K), 15 survivors (30720K)
 Metaspace       used 74018K, capacity 76032K, committed 76416K, reserved 1116160K
  class space    used 9540K, capacity 10314K, committed 10368K, reserved 1048576K
}
Event: 1295.527 GC heap after
{Heap after GC invocations=12 (full 0):
 garbage-first heap   total 618496K, used 42087K [0x000000060f200000, 0x0000000800000000)
  region size 2048K, 14 young (28672K), 14 survivors (28672K)
 Metaspace       used 74018K, capacity 76032K, committed 76416K, reserved 1116160K
  class space    used 9540K, capacity 10314K, committed 10368K, reserved 1048576K
}

